Oct 21, 2014 11:29:31 AM org.apache.karaf.main.Main launch
INFO: Installing and starting initial bundles
Oct 21, 2014 11:29:31 AM org.apache.karaf.main.Main launch
INFO: All initial bundles installed and set to start
Oct 21, 2014 11:29:31 AM org.apache.karaf.main.lock.SimpleFileLock lock
INFO: Trying to lock /home/sarianfa/snmp4sdn/features/target/pax/36116683-48b8-409c-848d-51084d500b52/lock
Oct 21, 2014 11:29:31 AM org.apache.karaf.main.lock.SimpleFileLock lock
INFO: Lock acquired
Oct 21, 2014 11:29:31 AM org.apache.karaf.main.Main$KarafLockCallback lockAquired
INFO: Lock acquired. Setting startlevel to 100
2014-10-21 11:29:34,950 | INFO  | (3)-10.82.105.11 | SingleFeatureTest                | 94 - PAXEXAM-PROBE-85becc13-0ea7-4fde-810f-fe48d8f273c6 - 0.0.0 | Attempting to add repository file:/home/sarianfa/snmp4sdn/features/target/classes/features.xml
2014-10-21 11:29:34,961 | INFO  | (3)-10.82.105.11 | SingleFeatureTest                | 94 - PAXEXAM-PROBE-85becc13-0ea7-4fde-810f-fe48d8f273c6 - 0.0.0 | Successfully loaded repository file:/home/sarianfa/snmp4sdn/features/target/classes/features.xml
2014-10-21 11:29:34,961 | INFO  | (3)-10.82.105.11 | SingleFeatureTest                | 94 - PAXEXAM-PROBE-85becc13-0ea7-4fde-810f-fe48d8f273c6 - 0.0.0 | Attempting to install feature odl-snmp4sdn-snmp4sdn 0.1.3-SNAPSHOT
2014-10-21 11:29:38,015 | WARN  | (3)-10.82.105.11 | SNMPListener                     | 192 - org.opendaylight.snmp4sdn - 0.1.3.SNAPSHOT | Problem starting SNMP Trap Interface: {}
java.net.BindException: Permission denied
	at java.net.PlainDatagramSocketImpl.bind0(Native Method)[:1.7.0_71]
	at java.net.AbstractPlainDatagramSocketImpl.bind(AbstractPlainDatagramSocketImpl.java:96)[:1.7.0_71]
	at java.net.DatagramSocket.bind(DatagramSocket.java:396)[:1.7.0_71]
	at java.net.DatagramSocket.<init>(DatagramSocket.java:251)[:1.7.0_71]
	at java.net.DatagramSocket.<init>(DatagramSocket.java:304)[:1.7.0_71]
	at java.net.DatagramSocket.<init>(DatagramSocket.java:276)[:1.7.0_71]
	at org.snmpj.SNMPTrapReceiverInterface.<init>(SNMPTrapReceiverInterface.java:126)
	at org.snmpj.SNMPTrapReceiverInterface.<init>(SNMPTrapReceiverInterface.java:99)
	at org.opendaylight.snmp4sdn.internal.SNMPListener.<init>(SNMPListener.java:75)
	at org.opendaylight.snmp4sdn.core.internal.Controller.start(Controller.java:175)
	at sun.reflect.NativeMethodAccessorImpl.invoke0(Native Method)[:1.7.0_71]
	at sun.reflect.NativeMethodAccessorImpl.invoke(NativeMethodAccessorImpl.java:57)[:1.7.0_71]
	at sun.reflect.DelegatingMethodAccessorImpl.invoke(DelegatingMethodAccessorImpl.java:43)[:1.7.0_71]
	at java.lang.reflect.Method.invoke(Method.java:606)[:1.7.0_71]
	at org.apache.felix.dm.InvocationUtil.invokeMethod(InvocationUtil.java:111)
	at org.apache.felix.dm.InvocationUtil.invokeCallbackMethod(InvocationUtil.java:66)
	at org.apache.felix.dm.impl.ComponentImpl.invokeCallbackMethod(ComponentImpl.java:688)
	at org.apache.felix.dm.impl.ComponentImpl.invoke(ComponentImpl.java:679)
	at org.apache.felix.dm.impl.ComponentImpl.bindService(ComponentImpl.java:624)
	at org.apache.felix.dm.impl.ComponentImpl.access$400(ComponentImpl.java:52)
	at org.apache.felix.dm.impl.ComponentImpl$7.run(ComponentImpl.java:181)
	at org.apache.felix.dm.impl.SerialExecutor$1.run(SerialExecutor.java:47)
	at org.apache.felix.dm.impl.SerialExecutor.scheduleNext(SerialExecutor.java:84)
	at org.apache.felix.dm.impl.SerialExecutor.access$000(SerialExecutor.java:33)
	at org.apache.felix.dm.impl.SerialExecutor$1.run(SerialExecutor.java:50)
	at org.apache.felix.dm.impl.SerialExecutor.scheduleNext(SerialExecutor.java:84)
	at org.apache.felix.dm.impl.SerialExecutor.execute(SerialExecutor.java:68)
	at org.apache.felix.dm.impl.ComponentImpl.calculateStateChanges(ComponentImpl.java:231)
	at org.apache.felix.dm.impl.ComponentImpl.start(ComponentImpl.java:399)
	at org.apache.felix.dm.DependencyManager.add(DependencyManager.java:169)
	at org.opendaylight.controller.sal.core.ComponentActivatorAbstractBase.start(ComponentActivatorAbstractBase.java:346)
	at org.eclipse.osgi.framework.internal.core.BundleContextImpl$1.run(BundleContextImpl.java:711)
	at java.security.AccessController.doPrivileged(Native Method)[:1.7.0_71]
	at org.eclipse.osgi.framework.internal.core.BundleContextImpl.startActivator(BundleContextImpl.java:702)
	at org.eclipse.osgi.framework.internal.core.BundleContextImpl.start(BundleContextImpl.java:683)
	at org.eclipse.osgi.framework.internal.core.BundleHost.startWorker(BundleHost.java:381)
	at org.eclipse.osgi.framework.internal.core.AbstractBundle.start(AbstractBundle.java:300)
	at org.eclipse.osgi.framework.internal.core.AbstractBundle.start(AbstractBundle.java:292)
	at org.apache.karaf.features.internal.FeaturesServiceImpl.startBundle(FeaturesServiceImpl.java:475)
	at org.apache.karaf.features.internal.FeaturesServiceImpl.installFeatures(FeaturesServiceImpl.java:433)
	at org.apache.karaf.features.internal.FeaturesServiceImpl.installFeature(FeaturesServiceImpl.java:373)
	at org.apache.karaf.features.internal.FeaturesServiceImpl.installFeature(FeaturesServiceImpl.java:362)
	at org.apache.karaf.features.internal.FeaturesServiceImpl.installFeature(FeaturesServiceImpl.java:345)
	at Proxy9858ec0d_21a6_48c9_885e_63a255460f96.installFeature(Unknown Source)
	at org.opendaylight.yangtools.featuretest.SingleFeatureTest.installFeature(SingleFeatureTest.java:159)
	at sun.reflect.NativeMethodAccessorImpl.invoke0(Native Method)[:1.7.0_71]
	at sun.reflect.NativeMethodAccessorImpl.invoke(NativeMethodAccessorImpl.java:57)[:1.7.0_71]
	at sun.reflect.DelegatingMethodAccessorImpl.invoke(DelegatingMethodAccessorImpl.java:43)[:1.7.0_71]
	at java.lang.reflect.Method.invoke(Method.java:606)[:1.7.0_71]
	at org.junit.runners.model.FrameworkMethod$1.runReflectiveCall(FrameworkMethod.java:47)
	at org.junit.internal.runners.model.ReflectiveCallable.run(ReflectiveCallable.java:12)
	at org.junit.runners.model.FrameworkMethod.invokeExplosively(FrameworkMethod.java:44)
	at org.junit.internal.runners.statements.InvokeMethod.evaluate(InvokeMethod.java:17)
	at org.junit.internal.runners.statements.RunBefores.evaluate(RunBefores.java:26)
	at org.junit.runners.ParentRunner.runLeaf(ParentRunner.java:271)[82:org.ops4j.pax.tipi.junit:4.11.0.1]
	at org.junit.runners.BlockJUnit4ClassRunner.runChild(BlockJUnit4ClassRunner.java:70)
	at org.ops4j.pax.exam.invoker.junit.internal.ContainerTestRunner.runChild(ContainerTestRunner.java:67)
	at org.ops4j.pax.exam.invoker.junit.internal.ContainerTestRunner.runChild(ContainerTestRunner.java:37)
	at org.junit.runners.ParentRunner$3.run(ParentRunner.java:238)[82:org.ops4j.pax.tipi.junit:4.11.0.1]
	at org.junit.runners.ParentRunner$1.schedule(ParentRunner.java:63)[82:org.ops4j.pax.tipi.junit:4.11.0.1]
	at org.junit.runners.ParentRunner.runChildren(ParentRunner.java:236)[82:org.ops4j.pax.tipi.junit:4.11.0.1]
	at org.junit.runners.ParentRunner.access$000(ParentRunner.java:53)[82:org.ops4j.pax.tipi.junit:4.11.0.1]
	at org.junit.runners.ParentRunner$2.evaluate(ParentRunner.java:229)[82:org.ops4j.pax.tipi.junit:4.11.0.1]
	at org.junit.runners.ParentRunner.run(ParentRunner.java:309)[82:org.ops4j.pax.tipi.junit:4.11.0.1]
	at org.junit.runner.JUnitCore.run(JUnitCore.java:160)
	at org.junit.runner.JUnitCore.run(JUnitCore.java:138)
	at org.ops4j.pax.exam.invoker.junit.internal.JUnitProbeInvoker.invokeViaJUnit(JUnitProbeInvoker.java:124)
	at org.ops4j.pax.exam.invoker.junit.internal.JUnitProbeInvoker.findAndInvoke(JUnitProbeInvoker.java:97)
	at org.ops4j.pax.exam.invoker.junit.internal.JUnitProbeInvoker.call(JUnitProbeInvoker.java:73)
	at sun.reflect.NativeMethodAccessorImpl.invoke0(Native Method)[:1.7.0_71]
	at sun.reflect.NativeMethodAccessorImpl.invoke(NativeMethodAccessorImpl.java:57)[:1.7.0_71]
	at sun.reflect.DelegatingMethodAccessorImpl.invoke(DelegatingMethodAccessorImpl.java:43)[:1.7.0_71]
	at java.lang.reflect.Method.invoke(Method.java:606)[:1.7.0_71]
	at org.ops4j.pax.exam.rbc.internal.RemoteBundleContextImpl.remoteCall(RemoteBundleContextImpl.java:80)
	at sun.reflect.NativeMethodAccessorImpl.invoke0(Native Method)[:1.7.0_71]
	at sun.reflect.NativeMethodAccessorImpl.invoke(NativeMethodAccessorImpl.java:57)[:1.7.0_71]
	at sun.reflect.DelegatingMethodAccessorImpl.invoke(DelegatingMethodAccessorImpl.java:43)[:1.7.0_71]
	at java.lang.reflect.Method.invoke(Method.java:606)[:1.7.0_71]
	at sun.rmi.server.UnicastServerRef.dispatch(UnicastServerRef.java:322)[:1.7.0_71]
	at sun.rmi.transport.Transport$1.run(Transport.java:177)[:1.7.0_71]
	at sun.rmi.transport.Transport$1.run(Transport.java:174)[:1.7.0_71]
	at java.security.AccessController.doPrivileged(Native Method)[:1.7.0_71]
	at sun.rmi.transport.Transport.serviceCall(Transport.java:173)[:1.7.0_71]
	at sun.rmi.transport.tcp.TCPTransport.handleMessages(TCPTransport.java:556)[:1.7.0_71]
	at sun.rmi.transport.tcp.TCPTransport$ConnectionHandler.run0(TCPTransport.java:811)[:1.7.0_71]
	at sun.rmi.transport.tcp.TCPTransport$ConnectionHandler.run(TCPTransport.java:670)[:1.7.0_71]
	at java.util.concurrent.ThreadPoolExecutor.runWorker(ThreadPoolExecutor.java:1145)[:1.7.0_71]
	at java.util.concurrent.ThreadPoolExecutor$Worker.run(ThreadPoolExecutor.java:615)[:1.7.0_71]
	at java.lang.Thread.run(Thread.java:745)[:1.7.0_71]
2014-10-21 11:29:40,072 | WARN  | (3)-10.82.105.11 | Controller                       | 192 - org.opendaylight.snmp4sdn - 0.1.3.SNAPSHOT | PACKET_IN is now listened by org.opendaylight.snmp4sdn.internal.DataPacketMuxDemux@8bcc69f
2014-10-21 11:29:40,282 | INFO  | (3)-10.82.105.11 | SingleFeatureTest                | 94 - PAXEXAM-PROBE-85becc13-0ea7-4fde-810f-fe48d8f273c6 - 0.0.0 | Successfull installed feature odl-snmp4sdn-snmp4sdn 0.1.3-SNAPSHOT
2014-10-21 11:29:40,827 | ERROR | config-pusher    | TransactionProvider              | 162 - org.opendaylight.controller.config-netconf-connector - 0.2.5.SNAPSHOT | Exception while commit of org.opendaylight.controller:TransactionName=ConfigTransaction-29-31,type=ConfigTransaction, aborting transaction
org.opendaylight.controller.config.api.ConflictingVersionException: Optimistic lock failed. Expected parent version 32, was 29
	at org.opendaylight.controller.config.manager.impl.ConfigRegistryImpl.commitConfig(ConfigRegistryImpl.java:217)
	at sun.reflect.NativeMethodAccessorImpl.invoke0(Native Method)[:1.7.0_71]
	at sun.reflect.NativeMethodAccessorImpl.invoke(NativeMethodAccessorImpl.java:57)[:1.7.0_71]
	at sun.reflect.DelegatingMethodAccessorImpl.invoke(DelegatingMethodAccessorImpl.java:43)[:1.7.0_71]
	at java.lang.reflect.Method.invoke(Method.java:606)[:1.7.0_71]
	at sun.reflect.misc.Trampoline.invoke(MethodUtil.java:75)[:1.7.0_71]
	at sun.reflect.GeneratedMethodAccessor21.invoke(Unknown Source)
	at sun.reflect.DelegatingMethodAccessorImpl.invoke(DelegatingMethodAccessorImpl.java:43)[:1.7.0_71]
	at java.lang.reflect.Method.invoke(Method.java:606)[:1.7.0_71]
	at sun.reflect.misc.MethodUtil.invoke(MethodUtil.java:279)[:1.7.0_71]
	at com.sun.jmx.mbeanserver.ConvertingMethod.invokeWithOpenReturn(ConvertingMethod.java:193)[:1.7.0_71]
	at com.sun.jmx.mbeanserver.ConvertingMethod.invokeWithOpenReturn(ConvertingMethod.java:175)[:1.7.0_71]
	at com.sun.jmx.mbeanserver.MXBeanIntrospector.invokeM2(MXBeanIntrospector.java:117)[:1.7.0_71]
	at com.sun.jmx.mbeanserver.MXBeanIntrospector.invokeM2(MXBeanIntrospector.java:54)[:1.7.0_71]
	at com.sun.jmx.mbeanserver.MBeanIntrospector.invokeM(MBeanIntrospector.java:237)[:1.7.0_71]
	at com.sun.jmx.mbeanserver.PerInterface.invoke(PerInterface.java:138)[:1.7.0_71]
	at com.sun.jmx.mbeanserver.MBeanSupport.invoke(MBeanSupport.java:252)[:1.7.0_71]
	at com.sun.jmx.interceptor.DefaultMBeanServerInterceptor.invoke(DefaultMBeanServerInterceptor.java:819)[:1.7.0_71]
	at com.sun.jmx.mbeanserver.JmxMBeanServer.invoke(JmxMBeanServer.java:801)[:1.7.0_71]
	at com.sun.jmx.mbeanserver.MXBeanProxy$InvokeHandler.invoke(MXBeanProxy.java:150)[:1.7.0_71]
	at com.sun.jmx.mbeanserver.MXBeanProxy.invoke(MXBeanProxy.java:167)[:1.7.0_71]
	at javax.management.MBeanServerInvocationHandler.invoke(MBeanServerInvocationHandler.java:252)[:1.7.0_71]
	at com.sun.proxy.$Proxy21.commitConfig(Unknown Source)[144:org.opendaylight.controller.config-api:0.2.5.SNAPSHOT]
	at org.opendaylight.controller.config.util.ConfigRegistryJMXClient.commitConfig(ConfigRegistryJMXClient.java:102)[145:org.opendaylight.controller.config-util:0.2.5.SNAPSHOT]
	at org.opendaylight.controller.netconf.confignetconfconnector.transactions.TransactionProvider.commitTransaction(TransactionProvider.java:110)[162:org.opendaylight.controller.config-netconf-connector:0.2.5.SNAPSHOT]
	at org.opendaylight.controller.netconf.confignetconfconnector.operations.Commit.handleWithNoSubsequentOperations(Commit.java:55)[162:org.opendaylight.controller.config-netconf-connector:0.2.5.SNAPSHOT]
	at org.opendaylight.controller.netconf.util.mapping.AbstractLastNetconfOperation.handle(AbstractLastNetconfOperation.java:33)[161:org.opendaylight.controller.netconf-util:0.2.5.SNAPSHOT]
	at org.opendaylight.controller.netconf.util.mapping.AbstractNetconfOperation.handle(AbstractNetconfOperation.java:105)[161:org.opendaylight.controller.netconf-util:0.2.5.SNAPSHOT]
	at org.opendaylight.controller.netconf.persist.impl.ConfigPusherImpl.sendRequestGetResponseCheckIsOK(ConfigPusherImpl.java:285)[165:org.opendaylight.controller.config-persister-impl:0.2.5.SNAPSHOT]
	at org.opendaylight.controller.netconf.persist.impl.ConfigPusherImpl.pushConfig(ConfigPusherImpl.java:244)[165:org.opendaylight.controller.config-persister-impl:0.2.5.SNAPSHOT]
	at org.opendaylight.controller.netconf.persist.impl.ConfigPusherImpl.pushConfigWithConflictingVersionRetries(ConfigPusherImpl.java:133)[165:org.opendaylight.controller.config-persister-impl:0.2.5.SNAPSHOT]
	at org.opendaylight.controller.netconf.persist.impl.ConfigPusherImpl.internalPushConfigs(ConfigPusherImpl.java:109)[165:org.opendaylight.controller.config-persister-impl:0.2.5.SNAPSHOT]
	at org.opendaylight.controller.netconf.persist.impl.ConfigPusherImpl.process(ConfigPusherImpl.java:76)[165:org.opendaylight.controller.config-persister-impl:0.2.5.SNAPSHOT]
	at org.opendaylight.controller.netconf.persist.impl.osgi.ConfigPersisterActivator$InnerCustomizer$1.run(ConfigPersisterActivator.java:178)[165:org.opendaylight.controller.config-persister-impl:0.2.5.SNAPSHOT]
	at java.lang.Thread.run(Thread.java:745)[:1.7.0_71]
2014-10-21 11:29:40,901 | WARN  |  Bundle Shutdown | SNMPListener                     | 192 - org.opendaylight.snmp4sdn - 0.1.3.SNAPSHOT | Got trapReceiverInterface exception: {}
java.lang.NullPointerException
	at org.opendaylight.snmp4sdn.internal.SNMPListener.stopListening(SNMPListener.java:91)
	at org.opendaylight.snmp4sdn.core.internal.Controller.stop(Controller.java:195)
	at sun.reflect.NativeMethodAccessorImpl.invoke0(Native Method)[:1.7.0_71]
	at sun.reflect.NativeMethodAccessorImpl.invoke(NativeMethodAccessorImpl.java:57)[:1.7.0_71]
	at sun.reflect.DelegatingMethodAccessorImpl.invoke(DelegatingMethodAccessorImpl.java:43)[:1.7.0_71]
	at java.lang.reflect.Method.invoke(Method.java:606)[:1.7.0_71]
	at org.apache.felix.dm.InvocationUtil.invokeMethod(InvocationUtil.java:111)[96:org.apache.felix.dependencymanager:3.1.0]
	at org.apache.felix.dm.InvocationUtil.invokeCallbackMethod(InvocationUtil.java:66)[96:org.apache.felix.dependencymanager:3.1.0]
	at org.apache.felix.dm.impl.ComponentImpl.invokeCallbackMethod(ComponentImpl.java:688)[96:org.apache.felix.dependencymanager:3.1.0]
	at org.apache.felix.dm.impl.ComponentImpl.invoke(ComponentImpl.java:679)[96:org.apache.felix.dependencymanager:3.1.0]
	at org.apache.felix.dm.impl.ComponentImpl.unbindService(ComponentImpl.java:656)[96:org.apache.felix.dependencymanager:3.1.0]
	at org.apache.felix.dm.impl.ComponentImpl.access$500(ComponentImpl.java:52)[96:org.apache.felix.dependencymanager:3.1.0]
	at org.apache.felix.dm.impl.ComponentImpl$14.run(ComponentImpl.java:226)[96:org.apache.felix.dependencymanager:3.1.0]
	at org.apache.felix.dm.impl.SerialExecutor$1.run(SerialExecutor.java:47)[96:org.apache.felix.dependencymanager:3.1.0]
	at org.apache.felix.dm.impl.SerialExecutor.scheduleNext(SerialExecutor.java:84)[96:org.apache.felix.dependencymanager:3.1.0]
	at org.apache.felix.dm.impl.SerialExecutor.execute(SerialExecutor.java:68)[96:org.apache.felix.dependencymanager:3.1.0]
	at org.apache.felix.dm.impl.ComponentImpl.calculateStateChanges(ComponentImpl.java:231)[96:org.apache.felix.dependencymanager:3.1.0]
	at org.apache.felix.dm.impl.ComponentImpl.stop(ComponentImpl.java:418)[96:org.apache.felix.dependencymanager:3.1.0]
	at org.apache.felix.dm.DependencyManager.remove(DependencyManager.java:179)
	at org.opendaylight.controller.sal.core.ComponentActivatorAbstractBase.stop(ComponentActivatorAbstractBase.java:424)
	at org.eclipse.osgi.framework.internal.core.BundleContextImpl$2.run(BundleContextImpl.java:771)
	at java.security.AccessController.doPrivileged(Native Method)[:1.7.0_71]
	at org.eclipse.osgi.framework.internal.core.BundleContextImpl.stop(BundleContextImpl.java:764)[org.eclipse.osgi-3.8.2.v20130124-134944.jar:]
	at org.eclipse.osgi.framework.internal.core.BundleHost.stopWorker(BundleHost.java:510)[org.eclipse.osgi-3.8.2.v20130124-134944.jar:]
	at org.eclipse.osgi.framework.internal.core.AbstractBundle.suspend(AbstractBundle.java:566)[org.eclipse.osgi-3.8.2.v20130124-134944.jar:]
	at org.eclipse.osgi.framework.internal.core.Framework.suspendBundle(Framework.java:1206)[org.eclipse.osgi-3.8.2.v20130124-134944.jar:]
	at org.eclipse.osgi.framework.internal.core.StartLevelManager.decFWSL(StartLevelManager.java:592)[org.eclipse.osgi-3.8.2.v20130124-134944.jar:]
	at org.eclipse.osgi.framework.internal.core.StartLevelManager.doSetStartLevel(StartLevelManager.java:257)[org.eclipse.osgi-3.8.2.v20130124-134944.jar:]
	at org.eclipse.osgi.framework.internal.core.StartLevelManager.shutdown(StartLevelManager.java:215)[org.eclipse.osgi-3.8.2.v20130124-134944.jar:]
	at org.eclipse.osgi.framework.internal.core.InternalSystemBundle.suspend(InternalSystemBundle.java:284)[org.eclipse.osgi-3.8.2.v20130124-134944.jar:]
	at org.eclipse.osgi.framework.internal.core.Framework.shutdown(Framework.java:692)[org.eclipse.osgi-3.8.2.v20130124-134944.jar:]
	at org.eclipse.osgi.framework.internal.core.Framework.close(Framework.java:600)[org.eclipse.osgi-3.8.2.v20130124-134944.jar:]
	at org.eclipse.osgi.framework.internal.core.InternalSystemBundle$1.run(InternalSystemBundle.java:261)[org.eclipse.osgi-3.8.2.v20130124-134944.jar:]
	at java.lang.Thread.run(Thread.java:745)[:1.7.0_71]
2014-10-21 11:29:41,065 | ERROR | config-pusher    | UncaughtExceptionPolicy          | 99 - org.opendaylight.controller.logging.bridge - 0.4.2.SNAPSHOT | Thread Thread[config-pusher,5,RMI Runtime] died because of an uncaught exception
java.lang.IllegalStateException: Failed to send edit-config for configuration 01-mdsal.xml(odl-snmp4sdn-snmp4sdn,odl-mdsal-broker)
	at org.opendaylight.controller.netconf.persist.impl.ConfigPusherImpl.sendRequestGetResponseCheckIsOK(ConfigPusherImpl.java:290)[165:org.opendaylight.controller.config-persister-impl:0.2.5.SNAPSHOT]
	at org.opendaylight.controller.netconf.persist.impl.ConfigPusherImpl.pushConfig(ConfigPusherImpl.java:241)[165:org.opendaylight.controller.config-persister-impl:0.2.5.SNAPSHOT]
	at org.opendaylight.controller.netconf.persist.impl.ConfigPusherImpl.pushConfigWithConflictingVersionRetries(ConfigPusherImpl.java:133)[165:org.opendaylight.controller.config-persister-impl:0.2.5.SNAPSHOT]
	at org.opendaylight.controller.netconf.persist.impl.ConfigPusherImpl.internalPushConfigs(ConfigPusherImpl.java:109)[165:org.opendaylight.controller.config-persister-impl:0.2.5.SNAPSHOT]
	at org.opendaylight.controller.netconf.persist.impl.ConfigPusherImpl.process(ConfigPusherImpl.java:76)[165:org.opendaylight.controller.config-persister-impl:0.2.5.SNAPSHOT]
	at org.opendaylight.controller.netconf.persist.impl.osgi.ConfigPersisterActivator$InnerCustomizer$1.run(ConfigPersisterActivator.java:178)[165:org.opendaylight.controller.config-persister-impl:0.2.5.SNAPSHOT]
	at java.lang.Thread.run(Thread.java:745)[:1.7.0_71]
Caused by: java.lang.IllegalArgumentException: javax.management.InstanceNotFoundException: ModuleFactory not found with module name: inmemory-operational-datastore-provider
	at org.opendaylight.controller.config.manager.impl.ConfigTransactionControllerImpl.createModule(ConfigTransactionControllerImpl.java:211)
	at sun.reflect.GeneratedMethodAccessor23.invoke(Unknown Source)
	at sun.reflect.DelegatingMethodAccessorImpl.invoke(DelegatingMethodAccessorImpl.java:43)[:1.7.0_71]
	at java.lang.reflect.Method.invoke(Method.java:606)[:1.7.0_71]
	at sun.reflect.misc.Trampoline.invoke(MethodUtil.java:75)[:1.7.0_71]
	at sun.reflect.GeneratedMethodAccessor21.invoke(Unknown Source)
	at sun.reflect.DelegatingMethodAccessorImpl.invoke(DelegatingMethodAccessorImpl.java:43)[:1.7.0_71]
	at java.lang.reflect.Method.invoke(Method.java:606)[:1.7.0_71]
	at sun.reflect.misc.MethodUtil.invoke(MethodUtil.java:279)[:1.7.0_71]
	at com.sun.jmx.mbeanserver.ConvertingMethod.invokeWithOpenReturn(ConvertingMethod.java:193)[:1.7.0_71]
	at com.sun.jmx.mbeanserver.ConvertingMethod.invokeWithOpenReturn(ConvertingMethod.java:175)[:1.7.0_71]
	at com.sun.jmx.mbeanserver.MXBeanIntrospector.invokeM2(MXBeanIntrospector.java:117)[:1.7.0_71]
	at com.sun.jmx.mbeanserver.MXBeanIntrospector.invokeM2(MXBeanIntrospector.java:54)[:1.7.0_71]
	at com.sun.jmx.mbeanserver.MBeanIntrospector.invokeM(MBeanIntrospector.java:237)[:1.7.0_71]
	at com.sun.jmx.mbeanserver.PerInterface.invoke(PerInterface.java:138)[:1.7.0_71]
	at com.sun.jmx.mbeanserver.MBeanSupport.invoke(MBeanSupport.java:252)[:1.7.0_71]
	at com.sun.jmx.interceptor.DefaultMBeanServerInterceptor.invoke(DefaultMBeanServerInterceptor.java:819)[:1.7.0_71]
	at com.sun.jmx.mbeanserver.JmxMBeanServer.invoke(JmxMBeanServer.java:801)[:1.7.0_71]
	at com.sun.jmx.mbeanserver.MXBeanProxy$InvokeHandler.invoke(MXBeanProxy.java:150)[:1.7.0_71]
	at com.sun.jmx.mbeanserver.MXBeanProxy.invoke(MXBeanProxy.java:167)[:1.7.0_71]
	at javax.management.MBeanServerInvocationHandler.invoke(MBeanServerInvocationHandler.java:252)[:1.7.0_71]
	at com.sun.proxy.$Proxy36.createModule(Unknown Source)[144:org.opendaylight.controller.config-api:0.2.5.SNAPSHOT]
	at org.opendaylight.controller.config.util.ConfigTransactionJMXClient.createModule(ConfigTransactionJMXClient.java:89)[145:org.opendaylight.controller.config-util:0.2.5.SNAPSHOT]
	at org.opendaylight.controller.netconf.confignetconfconnector.operations.editconfig.MissingInstanceHandlingStrategy.handleMissingInstance(MissingInstanceHandlingStrategy.java:31)[162:org.opendaylight.controller.config-netconf-connector:0.2.5.SNAPSHOT]
	at org.opendaylight.controller.netconf.confignetconfconnector.operations.editconfig.AbstractEditConfigStrategy.executeConfiguration(AbstractEditConfigStrategy.java:35)[162:org.opendaylight.controller.config-netconf-connector:0.2.5.SNAPSHOT]
	at org.opendaylight.controller.netconf.confignetconfconnector.operations.editconfig.EditConfig.handleMisssingInstancesOnTransaction(EditConfig.java:205)[162:org.opendaylight.controller.config-netconf-connector:0.2.5.SNAPSHOT]
	at org.opendaylight.controller.netconf.confignetconfconnector.operations.editconfig.EditConfig.set(EditConfig.java:139)[162:org.opendaylight.controller.config-netconf-connector:0.2.5.SNAPSHOT]
	at org.opendaylight.controller.netconf.confignetconfconnector.operations.editconfig.EditConfig.executeSet(EditConfig.java:90)[162:org.opendaylight.controller.config-netconf-connector:0.2.5.SNAPSHOT]
	at org.opendaylight.controller.netconf.confignetconfconnector.operations.editconfig.EditConfig.getResponseInternal(EditConfig.java:80)[162:org.opendaylight.controller.config-netconf-connector:0.2.5.SNAPSHOT]
	at org.opendaylight.controller.netconf.confignetconfconnector.operations.editconfig.EditConfig.handleWithNoSubsequentOperations(EditConfig.java:307)[162:org.opendaylight.controller.config-netconf-connector:0.2.5.SNAPSHOT]
	at org.opendaylight.controller.netconf.util.mapping.AbstractLastNetconfOperation.handle(AbstractLastNetconfOperation.java:33)[161:org.opendaylight.controller.netconf-util:0.2.5.SNAPSHOT]
	at org.opendaylight.controller.netconf.util.mapping.AbstractNetconfOperation.handle(AbstractNetconfOperation.java:105)[161:org.opendaylight.controller.netconf-util:0.2.5.SNAPSHOT]
	at org.opendaylight.controller.netconf.persist.impl.ConfigPusherImpl.sendRequestGetResponseCheckIsOK(ConfigPusherImpl.java:285)[165:org.opendaylight.controller.config-persister-impl:0.2.5.SNAPSHOT]
	... 6 more
Caused by: javax.management.InstanceNotFoundException: ModuleFactory not found with module name: inmemory-operational-datastore-provider
	at org.opendaylight.controller.config.manager.impl.factoriesresolver.HierarchicalConfigMBeanFactoriesHolder.findByModuleName(HierarchicalConfigMBeanFactoriesHolder.java:61)
	at org.opendaylight.controller.config.manager.impl.ConfigTransactionControllerImpl.createModule(ConfigTransactionControllerImpl.java:209)
	... 38 more
